<?xml version="1.0" encoding="UTF-8"?>
<!-- Generated by org.testng.reporters.JUnitXMLReporter -->
<testsuite ignored="0" hostname="Niha" failures="0" tests="3" name="HomePageTest" time="3.906" errors="0" timestamp="2024-11-24T21:14:19 IST">
  <testcase classname="com.CRM.TestCase.HomePageTestCase" name="verifyUrl" time="0.012"/>
  <testcase classname="com.CRM.TestCase.HomePageTestCase" name="verifyTitle" time="0.013"/>
  <testcase classname="com.CRM.TestCase.HomePageTestCase" name="validateSIgnInLink" time="0.759"/>
</testsuite> <!-- HomePageTest -->
