<?xml version="1.0" encoding="UTF-8"?>
<testng-results ignored="0" total="5" passed="5" failed="0" skipped="0">
  <reporter-output>
  </reporter-output>
  <suite started-at="2024-11-25T19:14:19 IST" name="Suite" finished-at="2024-11-25T19:14:26 IST" duration-ms="7959">
    <groups>
    </groups>
    <test started-at="2024-11-25T19:14:19 IST" name="HomePageTest" finished-at="2024-11-25T19:14:22 IST" duration-ms="3729">
      <class name="com.CRM.TestCase.HomePageTestCase">
        <test-method is-config="true" signature="setUp()[pri:0, instance:com.CRM.TestCase.HomePageTestCase@635eaaf1]" started-at="2024-11-25T19:14:19 IST" name="setUp" finished-at="2024-11-25T19:14:21 IST" duration-ms="2893" status="PASS">
          <reporter-output>
          </reporter-output>
        </test-method> <!-- setUp -->
        <test-method signature="verifyUrl()[pri:1, instance:com.CRM.TestCase.HomePageTestCase@635eaaf1]" started-at="2024-11-25T19:14:21 IST" name="verifyUrl" finished-at="2024-11-25T19:14:21 IST" duration-ms="15" status="PASS">
          <reporter-output>
          </reporter-output>
        </test-method> <!-- verifyUrl -->
        <test-method signature="verifyTitle()[pri:2, instance:com.CRM.TestCase.HomePageTestCase@635eaaf1]" started-at="2024-11-25T19:14:21 IST" name="verifyTitle" finished-at="2024-11-25T19:14:21 IST" duration-ms="10" status="PASS">
          <reporter-output>
          </reporter-output>
        </test-method> <!-- verifyTitle -->
        <test-method signature="validateSIgnInLink()[pri:3, instance:com.CRM.TestCase.HomePageTestCase@635eaaf1]" started-at="2024-11-25T19:14:21 IST" name="validateSIgnInLink" finished-at="2024-11-25T19:14:22 IST" duration-ms="782" status="PASS">
          <reporter-output>
          </reporter-output>
        </test-method> <!-- validateSIgnInLink -->
      </class> <!-- com.CRM.TestCase.HomePageTestCase -->
    </test> <!-- HomePageTest -->
    <test started-at="2024-11-25T19:14:22 IST" name="LoginPageTest" finished-at="2024-11-25T19:14:26 IST" duration-ms="4205">
      <class name="com.CRM.TestCase.LoginPageTestCase">
        <test-method is-config="true" signature="setUp()[pri:0, instance:com.CRM.TestCase.LoginPageTestCase@40ef3420]" started-at="2024-11-25T19:14:22 IST" name="setUp" finished-at="2024-11-25T19:14:25 IST" duration-ms="2559" status="PASS">
          <reporter-output>
          </reporter-output>
        </test-method> <!-- setUp -->
        <test-method signature="pageSetUp()[pri:0, instance:com.CRM.TestCase.LoginPageTestCase@40ef3420]" started-at="2024-11-25T19:14:25 IST" name="pageSetUp" finished-at="2024-11-25T19:14:26 IST" duration-ms="781" status="PASS">
          <reporter-output>
          </reporter-output>
        </test-method> <!-- pageSetUp -->
        <test-method signature="validateLogin()[pri:0, instance:com.CRM.TestCase.LoginPageTestCase@40ef3420]" started-at="2024-11-25T19:14:26 IST" name="validateLogin" finished-at="2024-11-25T19:14:26 IST" duration-ms="861" status="PASS">
          <reporter-output>
          </reporter-output>
        </test-method> <!-- validateLogin -->
      </class> <!-- com.CRM.TestCase.LoginPageTestCase -->
    </test> <!-- LoginPageTest -->
  </suite> <!-- Suite -->
</testng-results>
