<?xml version="1.0" encoding="UTF-8"?>
<testng-results ignored="0" total="5" passed="5" failed="0" skipped="0">
  <reporter-output>
  </reporter-output>
  <suite started-at="2024-12-06T15:46:12 IST" name="Suite" finished-at="2024-12-06T15:46:25 IST" duration-ms="12720">
    <groups>
    </groups>
    <test started-at="2024-12-06T15:46:12 IST" name="HomePageTest" finished-at="2024-12-06T15:46:18 IST" duration-ms="6524">
      <class name="com.CRM.TestCase.HomePageTestCase">
        <test-method is-config="true" signature="setUp()[pri:0, instance:com.CRM.TestCase.HomePageTestCase@c88a337]" started-at="2024-12-06T15:46:12 IST" name="setUp" finished-at="2024-12-06T15:46:17 IST" duration-ms="5564" status="PASS">
          <reporter-output>
          </reporter-output>
        </test-method> <!-- setUp -->
        <test-method signature="verifyUrl()[pri:1, instance:com.CRM.TestCase.HomePageTestCase@c88a337]" started-at="2024-12-06T15:46:17 IST" name="verifyUrl" finished-at="2024-12-06T15:46:17 IST" duration-ms="22" status="PASS">
          <reporter-output>
          </reporter-output>
        </test-method> <!-- verifyUrl -->
        <test-method signature="verifyTitle()[pri:2, instance:com.CRM.TestCase.HomePageTestCase@c88a337]" started-at="2024-12-06T15:46:17 IST" name="verifyTitle" finished-at="2024-12-06T15:46:17 IST" duration-ms="22" status="PASS">
          <reporter-output>
          </reporter-output>
        </test-method> <!-- verifyTitle -->
        <test-method signature="validateSIgnInLink()[pri:3, instance:com.CRM.TestCase.HomePageTestCase@c88a337]" started-at="2024-12-06T15:46:17 IST" name="validateSIgnInLink" finished-at="2024-12-06T15:46:18 IST" duration-ms="845" status="PASS">
          <reporter-output>
          </reporter-output>
        </test-method> <!-- validateSIgnInLink -->
      </class> <!-- com.CRM.TestCase.HomePageTestCase -->
    </test> <!-- HomePageTest -->
    <test started-at="2024-12-06T15:46:18 IST" name="LoginPageTest" finished-at="2024-12-06T15:46:25 IST" duration-ms="6139">
      <class name="com.CRM.TestCase.LoginPageTestCase">
        <test-method is-config="true" signature="setUp()[pri:0, instance:com.CRM.TestCase.LoginPageTestCase@b9b00e0]" started-at="2024-12-06T15:46:18 IST" name="setUp" finished-at="2024-12-06T15:46:22 IST" duration-ms="3588" status="PASS">
          <reporter-output>
          </reporter-output>
        </test-method> <!-- setUp -->
        <test-method signature="pageSetUp()[pri:0, instance:com.CRM.TestCase.LoginPageTestCase@b9b00e0]" started-at="2024-12-06T15:46:22 IST" name="pageSetUp" finished-at="2024-12-06T15:46:23 IST" duration-ms="1004" status="PASS">
          <reporter-output>
          </reporter-output>
        </test-method> <!-- pageSetUp -->
        <test-method signature="validateLogin()[pri:0, instance:com.CRM.TestCase.LoginPageTestCase@b9b00e0]" started-at="2024-12-06T15:46:23 IST" name="validateLogin" finished-at="2024-12-06T15:46:25 IST" duration-ms="1540" status="PASS">
          <reporter-output>
          </reporter-output>
        </test-method> <!-- validateLogin -->
      </class> <!-- com.CRM.TestCase.LoginPageTestCase -->
    </test> <!-- LoginPageTest -->
  </suite> <!-- Suite -->
</testng-results>
