<?xml version="1.0" encoding="UTF-8"?>
<testng-results ignored="0" total="5" passed="5" failed="0" skipped="0">
  <reporter-output>
  </reporter-output>
  <suite started-at="2024-11-24T21:14:15 IST" name="Suite" finished-at="2024-11-24T21:14:24 IST" duration-ms="8282">
    <groups>
    </groups>
    <test started-at="2024-11-24T21:14:15 IST" name="HomePageTest" finished-at="2024-11-24T21:14:19 IST" duration-ms="3906">
      <class name="com.CRM.TestCase.HomePageTestCase">
        <test-method is-config="true" signature="setUp()[pri:0, instance:com.CRM.TestCase.HomePageTestCase@4f80542f]" started-at="2024-11-24T21:14:15 IST" name="setUp" finished-at="2024-11-24T21:14:18 IST" duration-ms="3092" status="PASS">
          <reporter-output>
          </reporter-output>
        </test-method> <!-- setUp -->
        <test-method signature="verifyUrl()[pri:1, instance:com.CRM.TestCase.HomePageTestCase@4f80542f]" started-at="2024-11-24T21:14:18 IST" name="verifyUrl" finished-at="2024-11-24T21:14:18 IST" duration-ms="12" status="PASS">
          <reporter-output>
          </reporter-output>
        </test-method> <!-- verifyUrl -->
        <test-method signature="verifyTitle()[pri:2, instance:com.CRM.TestCase.HomePageTestCase@4f80542f]" started-at="2024-11-24T21:14:18 IST" name="verifyTitle" finished-at="2024-11-24T21:14:18 IST" duration-ms="13" status="PASS">
          <reporter-output>
          </reporter-output>
        </test-method> <!-- verifyTitle -->
        <test-method signature="validateSIgnInLink()[pri:3, instance:com.CRM.TestCase.HomePageTestCase@4f80542f]" started-at="2024-11-24T21:14:18 IST" name="validateSIgnInLink" finished-at="2024-11-24T21:14:19 IST" duration-ms="759" status="PASS">
          <reporter-output>
          </reporter-output>
        </test-method> <!-- validateSIgnInLink -->
      </class> <!-- com.CRM.TestCase.HomePageTestCase -->
    </test> <!-- HomePageTest -->
    <test started-at="2024-11-24T21:14:19 IST" name="LoginPageTest" finished-at="2024-11-24T21:14:24 IST" duration-ms="4322">
      <class name="com.CRM.TestCase.LoginPageTestCase">
        <test-method is-config="true" signature="setUp()[pri:0, instance:com.CRM.TestCase.LoginPageTestCase@4b741d6d]" started-at="2024-11-24T21:14:19 IST" name="setUp" finished-at="2024-11-24T21:14:21 IST" duration-ms="2207" status="PASS">
          <reporter-output>
          </reporter-output>
        </test-method> <!-- setUp -->
        <test-method signature="pageSetUp()[pri:0, instance:com.CRM.TestCase.LoginPageTestCase@4b741d6d]" started-at="2024-11-24T21:14:21 IST" name="pageSetUp" finished-at="2024-11-24T21:14:23 IST" duration-ms="1291" status="PASS">
          <reporter-output>
          </reporter-output>
        </test-method> <!-- pageSetUp -->
        <test-method signature="validateLogin()[pri:0, instance:com.CRM.TestCase.LoginPageTestCase@4b741d6d]" started-at="2024-11-24T21:14:23 IST" name="validateLogin" finished-at="2024-11-24T21:14:24 IST" duration-ms="818" status="PASS">
          <reporter-output>
          </reporter-output>
        </test-method> <!-- validateLogin -->
      </class> <!-- com.CRM.TestCase.LoginPageTestCase -->
    </test> <!-- LoginPageTest -->
  </suite> <!-- Suite -->
</testng-results>
